CRITICAL - 2022-10-07 09:27:22 --> Trying to access array offset on value of type null
in APPPATH\Views\layout\layout_admin.php on line 50.
 1 APPPATH\Views\layout\layout_admin.php(50): CodeIgniter\Debug\Exceptions->errorHandler(2, 'Trying to access array offset on value of type null', 'APPPATH\\Views\\layout\\layout_admin.php', 50)
 2 SYSTEMPATH\View\View.php(213): include('APPPATH\\Views\\layout\\layout_admin.php')
 3 SYSTEMPATH\View\View.php(216): CodeIgniter\View\View->CodeIgniter\View\{closure}()
 4 SYSTEMPATH\View\View.php(229): CodeIgniter\View\View->render('layout/layout_admin', [], true)
 5 SYSTEMPATH\Common.php(1142): CodeIgniter\View\View->render('admin/index', [], true)
 6 APPPATH\Controllers\Admin.php(14): view('admin/index', [...])
 7 SYSTEMPATH\CodeIgniter.php(907): App\Controllers\Admin->index()
 8 SYSTEMPATH\CodeIgniter.php(457): CodeIgniter\CodeIgniter->runController(Object(App\Controllers\Admin))
 9 SYSTEMPATH\CodeIgniter.php(340): CodeIgniter\CodeIgniter->handleRequest(null, Object(Config\Cache), false)
10 FCPATH\index.php(67): CodeIgniter\CodeIgniter->run()
11 SYSTEMPATH\Commands\Server\rewrite.php(43): require_once('FCPATH\\index.php')
CRITICAL - 2022-10-07 09:34:12 --> Undefined array key "level_user"
in APPPATH\Views\layout\layout_admin.php on line 58.
 1 APPPATH\Views\layout\layout_admin.php(58): CodeIgniter\Debug\Exceptions->errorHandler(2, 'Undefined array key "level_user"', 'APPPATH\\Views\\layout\\layout_admin.php', 58)
 2 SYSTEMPATH\View\View.php(213): include('APPPATH\\Views\\layout\\layout_admin.php')
 3 SYSTEMPATH\View\View.php(216): CodeIgniter\View\View->CodeIgniter\View\{closure}()
 4 SYSTEMPATH\View\View.php(229): CodeIgniter\View\View->render('layout/layout_admin', [], true)
 5 SYSTEMPATH\Common.php(1142): CodeIgniter\View\View->render('admin/index', [], true)
 6 APPPATH\Controllers\Admin.php(15): view('admin/index', [...])
 7 SYSTEMPATH\CodeIgniter.php(907): App\Controllers\Admin->index()
 8 SYSTEMPATH\CodeIgniter.php(457): CodeIgniter\CodeIgniter->runController(Object(App\Controllers\Admin))
 9 SYSTEMPATH\CodeIgniter.php(340): CodeIgniter\CodeIgniter->handleRequest(null, Object(Config\Cache), false)
10 FCPATH\index.php(67): CodeIgniter\CodeIgniter->run()
11 SYSTEMPATH\Commands\Server\rewrite.php(43): require_once('FCPATH\\index.php')
CRITICAL - 2022-10-07 10:11:52 --> Undefined variable $no
in APPPATH\Views\admin\index.php on line 35.
 1 APPPATH\Views\admin\index.php(35): CodeIgniter\Debug\Exceptions->errorHandler(2, 'Undefined variable $no', 'APPPATH\\Views\\admin\\index.php', 35)
 2 SYSTEMPATH\View\View.php(213): include('APPPATH\\Views\\admin\\index.php')
 3 SYSTEMPATH\View\View.php(216): CodeIgniter\View\View->CodeIgniter\View\{closure}()
 4 SYSTEMPATH\Common.php(1142): CodeIgniter\View\View->render('admin/index', [], true)
 5 APPPATH\Controllers\Admin.php(28): view('admin/index', [...])
 6 SYSTEMPATH\CodeIgniter.php(907): App\Controllers\Admin->index()
 7 SYSTEMPATH\CodeIgniter.php(457): CodeIgniter\CodeIgniter->runController(Object(App\Controllers\Admin))
 8 SYSTEMPATH\CodeIgniter.php(340): CodeIgniter\CodeIgniter->handleRequest(null, Object(Config\Cache), false)
 9 FCPATH\index.php(67): CodeIgniter\CodeIgniter->run()
10 SYSTEMPATH\Commands\Server\rewrite.php(43): require_once('FCPATH\\index.php')
CRITICAL - 2022-10-07 10:12:05 --> Undefined array key "nama_aplikasi"
in APPPATH\Views\admin\index.php on line 37.
 1 APPPATH\Views\admin\index.php(37): CodeIgniter\Debug\Exceptions->errorHandler(2, 'Undefined array key "nama_aplikasi"', 'APPPATH\\Views\\admin\\index.php', 37)
 2 SYSTEMPATH\View\View.php(213): include('APPPATH\\Views\\admin\\index.php')
 3 SYSTEMPATH\View\View.php(216): CodeIgniter\View\View->CodeIgniter\View\{closure}()
 4 SYSTEMPATH\Common.php(1142): CodeIgniter\View\View->render('admin/index', [], true)
 5 APPPATH\Controllers\Admin.php(28): view('admin/index', [...])
 6 SYSTEMPATH\CodeIgniter.php(907): App\Controllers\Admin->index()
 7 SYSTEMPATH\CodeIgniter.php(457): CodeIgniter\CodeIgniter->runController(Object(App\Controllers\Admin))
 8 SYSTEMPATH\CodeIgniter.php(340): CodeIgniter\CodeIgniter->handleRequest(null, Object(Config\Cache), false)
 9 FCPATH\index.php(67): CodeIgniter\CodeIgniter->run()
10 SYSTEMPATH\Commands\Server\rewrite.php(43): require_once('FCPATH\\index.php')
CRITICAL - 2022-10-07 13:29:02 --> Undefined variable $item
in APPPATH\Views\admin\index.php on line 33.
 1 APPPATH\Views\admin\index.php(33): CodeIgniter\Debug\Exceptions->errorHandler(2, 'Undefined variable $item', 'APPPATH\\Views\\admin\\index.php', 33)
 2 SYSTEMPATH\View\View.php(213): include('APPPATH\\Views\\admin\\index.php')
 3 SYSTEMPATH\View\View.php(216): CodeIgniter\View\View->CodeIgniter\View\{closure}()
 4 SYSTEMPATH\Common.php(1142): CodeIgniter\View\View->render('admin/index', [], true)
 5 APPPATH\Controllers\Admin.php(28): view('admin/index', [...])
 6 SYSTEMPATH\CodeIgniter.php(907): App\Controllers\Admin->index()
 7 SYSTEMPATH\CodeIgniter.php(457): CodeIgniter\CodeIgniter->runController(Object(App\Controllers\Admin))
 8 SYSTEMPATH\CodeIgniter.php(340): CodeIgniter\CodeIgniter->handleRequest(null, Object(Config\Cache), false)
 9 FCPATH\index.php(67): CodeIgniter\CodeIgniter->run()
10 SYSTEMPATH\Commands\Server\rewrite.php(43): require_once('FCPATH\\index.php')
